<?xml version="1.0" encoding="UTF-8"?>
<testsuite name="bg.qponer.qponerbackend.QponerBackendApplicationTests" tests="1" skipped="0" failures="0" errors="0" timestamp="2020-03-27T22:42:13" hostname="SOF-DANALE-MAC.local" time="0.057">
  <properties/>
  <testcase name="contextLoads()" classname="bg.qponer.qponerbackend.QponerBackendApplicationTests" time="0.057"/>
  <system-out><![CDATA[00:42:10.017 [Test worker] DEBUG org.springframework.test.context.BootstrapUtils - Instantiating CacheAwareContextLoaderDelegate from class [org.springframework.test.context.cache.DefaultCacheAwareContextLoaderDelegate]
00:42:10.033 [Test worker] DEBUG org.springframework.test.context.BootstrapUtils - Instantiating BootstrapContext using constructor [public org.springframework.test.context.support.DefaultBootstrapContext(java.lang.Class,org.springframework.test.context.CacheAwareContextLoaderDelegate)]
00:42:10.066 [Test worker] DEBUG org.springframework.test.context.BootstrapUtils - Instantiating TestContextBootstrapper for test class [bg.qponer.qponerbackend.QponerBackendApplicationTests] from class [org.springframework.boot.test.context.SpringBootTestContextBootstrapper]
00:42:10.087 [Test worker] INFO org.springframework.boot.test.context.SpringBootTestContextBootstrapper - Neither @ContextConfiguration nor @ContextHierarchy found for test class [bg.qponer.qponerbackend.QponerBackendApplicationTests], using SpringBootContextLoader
00:42:10.091 [Test worker] DEBUG org.springframework.test.context.support.AbstractContextLoader - Did not detect default resource location for test class [bg.qponer.qponerbackend.QponerBackendApplicationTests]: class path resource [bg/qponer/qponerbackend/QponerBackendApplicationTests-context.xml] does not exist
00:42:10.091 [Test worker] DEBUG org.springframework.test.context.support.AbstractContextLoader - Did not detect default resource location for test class [bg.qponer.qponerbackend.QponerBackendApplicationTests]: class path resource [bg/qponer/qponerbackend/QponerBackendApplicationTestsContext.groovy] does not exist
00:42:10.091 [Test worker] INFO org.springframework.test.context.support.AbstractContextLoader - Could not detect default resource locations for test class [bg.qponer.qponerbackend.QponerBackendApplicationTests]: no resource found for suffixes {-context.xml, Context.groovy}.
00:42:10.092 [Test worker] INFO org.springframework.test.context.support.AnnotationConfigContextLoaderUtils - Could not detect default configuration classes for test class [bg.qponer.qponerbackend.QponerBackendApplicationTests]: QponerBackendApplicationTests does not declare any static, non-private, non-final, nested classes annotated with @Configuration.
00:42:10.145 [Test worker] DEBUG org.springframework.test.context.support.ActiveProfilesUtils - Could not find an 'annotation declaring class' for annotation type [org.springframework.test.context.ActiveProfiles] and class [bg.qponer.qponerbackend.QponerBackendApplicationTests]
00:42:10.210 [Test worker] DEBUG org.springframework.context.annotation.ClassPathScanningCandidateComponentProvider - Identified candidate component class: file [/Users/danailalexiev/git/qponer-backend/build/classes/kotlin/main/bg/qponer/qponerbackend/QponerBackendApplication.class]
00:42:10.212 [Test worker] INFO org.springframework.boot.test.context.SpringBootTestContextBootstrapper - Found @SpringBootConfiguration bg.qponer.qponerbackend.QponerBackendApplication for test class bg.qponer.qponerbackend.QponerBackendApplicationTests
00:42:10.302 [Test worker] DEBUG org.springframework.boot.test.context.SpringBootTestContextBootstrapper - @TestExecutionListeners is not present for class [bg.qponer.qponerbackend.QponerBackendApplicationTests]: using defaults.
00:42:10.303 [Test worker] INFO org.springframework.boot.test.context.SpringBootTestContextBootstrapper - Loaded default TestExecutionListener class names from location [META-INF/spring.factories]: [org.springframework.boot.test.autoconfigure.restdocs.RestDocsTestExecutionListener, org.springframework.boot.test.autoconfigure.web.client.MockRestServiceServerResetTestExecutionListener, org.springframework.boot.test.autoconfigure.web.servlet.MockMvcPrintOnlyOnFailureTestExecutionListener, org.springframework.boot.test.autoconfigure.web.servlet.WebDriverTestExecutionListener, org.springframework.boot.test.mock.mockito.MockitoTestExecutionListener, org.springframework.boot.test.mock.mockito.ResetMocksTestExecutionListener, org.springframework.test.context.web.ServletTestExecutionListener, org.springframework.test.context.support.DirtiesContextBeforeModesTestExecutionListener, org.springframework.test.context.support.DependencyInjectionTestExecutionListener, org.springframework.test.context.support.DirtiesContextTestExecutionListener, org.springframework.test.context.transaction.TransactionalTestExecutionListener, org.springframework.test.context.jdbc.SqlScriptsTestExecutionListener, org.springframework.test.context.event.EventPublishingTestExecutionListener]
00:42:10.318 [Test worker] INFO org.springframework.boot.test.context.SpringBootTestContextBootstrapper - Using TestExecutionListeners: [org.springframework.test.context.web.ServletTestExecutionListener@1ffd1c22, org.springframework.test.context.support.DirtiesContextBeforeModesTestExecutionListener@2a7939aa, org.springframework.boot.test.mock.mockito.MockitoTestExecutionListener@457af1c8, org.springframework.boot.test.autoconfigure.SpringBootDependencyInjectionTestExecutionListener@12279833, org.springframework.test.context.support.DirtiesContextTestExecutionListener@65cc9a59, org.springframework.test.context.transaction.TransactionalTestExecutionListener@69b4b23, org.springframework.test.context.jdbc.SqlScriptsTestExecutionListener@147d1e89, org.springframework.test.context.event.EventPublishingTestExecutionListener@3a35ea35, org.springframework.boot.test.autoconfigure.restdocs.RestDocsTestExecutionListener@3b2aa178, org.springframework.boot.test.autoconfigure.web.client.MockRestServiceServerResetTestExecutionListener@67b4376d, org.springframework.boot.test.autoconfigure.web.servlet.MockMvcPrintOnlyOnFailureTestExecutionListener@1b41e444, org.springframework.boot.test.autoconfigure.web.servlet.WebDriverTestExecutionListener@eb0c15b, org.springframework.boot.test.mock.mockito.ResetMocksTestExecutionListener@60ff9094]
00:42:10.322 [Test worker] DEBUG org.springframework.test.context.support.AbstractDirtiesContextTestExecutionListener - Before test class: context [DefaultTestContext@70f646f2 testClass = QponerBackendApplicationTests, testInstance = [null], testMethod = [null], testException = [null], mergedContextConfiguration = [WebMergedContextConfiguration@1839e659 testClass = QponerBackendApplicationTests, locations = '{}', classes = '{class bg.qponer.qponerbackend.QponerBackendApplication}', contextInitializerClasses = '[]', activeProfiles = '{}', propertySourceLocations = '{}', propertySourceProperties = '{org.springframework.boot.test.context.SpringBootTestContextBootstrapper=true}', contextCustomizers = set[org.springframework.boot.test.autoconfigure.properties.PropertyMappingContextCustomizer@0, org.springframework.boot.test.autoconfigure.web.servlet.WebDriverContextCustomizerFactory$Customizer@42594188, org.springframework.boot.test.context.filter.ExcludeFilterContextCustomizer@2c836b1f, org.springframework.boot.test.json.DuplicateJsonObjectContextCustomizerFactory$DuplicateJsonObjectContextCustomizer@5177c2c7, org.springframework.boot.test.mock.mockito.MockitoContextCustomizer@0, org.springframework.boot.test.web.client.TestRestTemplateContextCustomizer@31c1ba08], resourceBasePath = 'src/main/webapp', contextLoader = 'org.springframework.boot.test.context.SpringBootContextLoader', parent = [null]], attributes = map['org.springframework.test.context.web.ServletTestExecutionListener.activateListener' -> true]], class annotated with @DirtiesContext [false] with mode [null].
00:42:10.348 [Test worker] DEBUG org.springframework.test.context.support.TestPropertySourceUtils - Adding inlined properties to environment: {spring.jmx.enabled=false, org.springframework.boot.test.context.SpringBootTestContextBootstrapper=true, server.port=-1}

  .   ____          _            __ _ _
 /\\ / ___'_ __ _ _(_)_ __  __ _ \ \ \ \
( ( )\___ | '_ | '_| | '_ \/ _` | \ \ \ \
 \\/  ___)| |_)| | | | | || (_| |  ) ) ) )
  '  |____| .__|_| |_|_| |_\__, | / / / /
 =========|_|==============|___/=/_/_/_/
 :: Spring Boot ::        (v2.2.6.RELEASE)

2020-03-28 00:42:10.759  INFO 4614 --- [    Test worker] b.q.q.QponerBackendApplicationTests      : Starting QponerBackendApplicationTests on SOF-DANALE-MAC.local with PID 4614 (started by danailalexiev in /Users/danailalexiev/git/qponer-backend)
2020-03-28 00:42:10.760  INFO 4614 --- [    Test worker] b.q.q.QponerBackendApplicationTests      : No active profile set, falling back to default profiles: default
2020-03-28 00:42:11.395  INFO 4614 --- [    Test worker] .s.d.r.c.RepositoryConfigurationDelegate : Bootstrapping Spring Data JPA repositories in DEFAULT mode.
2020-03-28 00:42:11.421  INFO 4614 --- [    Test worker] .s.d.r.c.RepositoryConfigurationDelegate : Finished Spring Data repository scanning in 17ms. Found 0 JPA repository interfaces.
2020-03-28 00:42:11.973  INFO 4614 --- [    Test worker] com.zaxxer.hikari.HikariDataSource       : HikariPool-1 - Starting...
2020-03-28 00:42:12.182  INFO 4614 --- [    Test worker] com.zaxxer.hikari.HikariDataSource       : HikariPool-1 - Start completed.
2020-03-28 00:42:12.254  INFO 4614 --- [    Test worker] o.hibernate.jpa.internal.util.LogHelper  : HHH000204: Processing PersistenceUnitInfo [name: default]
2020-03-28 00:42:12.329  INFO 4614 --- [    Test worker] org.hibernate.Version                    : HHH000412: Hibernate ORM core version 5.4.12.Final
2020-03-28 00:42:12.485  INFO 4614 --- [    Test worker] o.hibernate.annotations.common.Version   : HCANN000001: Hibernate Commons Annotations {5.1.0.Final}
2020-03-28 00:42:12.641  INFO 4614 --- [    Test worker] org.hibernate.dialect.Dialect            : HHH000400: Using dialect: org.hibernate.dialect.H2Dialect
2020-03-28 00:42:12.939  INFO 4614 --- [    Test worker] o.h.e.t.j.p.i.JtaPlatformInitiator       : HHH000490: Using JtaPlatform implementation: [org.hibernate.engine.transaction.jta.platform.internal.NoJtaPlatform]
2020-03-28 00:42:12.948  INFO 4614 --- [    Test worker] j.LocalContainerEntityManagerFactoryBean : Initialized JPA EntityManagerFactory for persistence unit 'default'
2020-03-28 00:42:13.186  WARN 4614 --- [    Test worker] JpaBaseConfiguration$JpaWebConfiguration : spring.jpa.open-in-view is enabled by default. Therefore, database queries may be performed during view rendering. Explicitly configure spring.jpa.open-in-view to disable this warning
2020-03-28 00:42:13.444  INFO 4614 --- [    Test worker] o.s.s.concurrent.ThreadPoolTaskExecutor  : Initializing ExecutorService 'applicationTaskExecutor'
2020-03-28 00:42:13.767  INFO 4614 --- [    Test worker] b.q.q.QponerBackendApplicationTests      : Started QponerBackendApplicationTests in 3.405 seconds (JVM running for 4.724)
]]></system-out>
  <system-err><![CDATA[]]></system-err>
</testsuite>
